2026-05-05 21:00:48,879 [INFO] ============================================================
2026-05-05 21:00:48,879 [INFO] Tamil Nadu 2026 myneta.info scraper starting
2026-05-05 21:00:48,879 [INFO] ============================================================
2026-05-05 21:00:51,928 [INFO] Found 234 constituencies
2026-05-05 21:01:31,432 [WARNING] Request error for https://www.myneta.info/TamilNadu2026/index.php?action=show_candidates&constituency_id=7: ('Connection aborted.', RemoteDisconnected('Remote end closed connection without response')) (attempt 1)
2026-05-05 21:03:38,793 [WARNING] Request error for https://www.myneta.info/TamilNadu2026/index.php?action=show_candidates&constituency_id=106: ('Connection aborted.', RemoteDisconnected('Remote end closed connection without response')) (attempt 1)
2026-05-05 21:04:31,182 [WARNING] Request error for https://www.myneta.info/TamilNadu2026/index.php?action=show_candidates&constituency_id=127: ('Connection aborted.', RemoteDisconnected('Remote end closed connection without response')) (attempt 1)
2026-05-05 21:04:52,632 [WARNING] Request error for https://www.myneta.info/TamilNadu2026/index.php?action=show_candidates&constituency_id=136: ('Connection aborted.', RemoteDisconnected('Remote end closed connection without response')) (attempt 1)
2026-05-05 21:05:47,512 [WARNING] Request error for https://www.myneta.info/TamilNadu2026/index.php?action=show_candidates&constituency_id=175: ('Connection aborted.', RemoteDisconnected('Remote end closed connection without response')) (attempt 1)
2026-05-05 21:06:05,897 [WARNING] Request error for https://www.myneta.info/TamilNadu2026/index.php?action=show_candidates&constituency_id=179: ('Connection aborted.', RemoteDisconnected('Remote end closed connection without response')) (attempt 1)
2026-05-05 21:06:16,208 [WARNING] Request error for https://www.myneta.info/TamilNadu2026/index.php?action=show_candidates&constituency_id=184: ('Connection aborted.', RemoteDisconnected('Remote end closed connection without response')) (attempt 1)
2026-05-05 21:06:39,429 [WARNING] Request error for https://www.myneta.info/TamilNadu2026/index.php?action=show_candidates&constituency_id=191: ('Connection aborted.', RemoteDisconnected('Remote end closed connection without response')) (attempt 1)
2026-05-05 21:07:26,905 [WARNING] Request error for https://www.myneta.info/TamilNadu2026/index.php?action=show_candidates&constituency_id=213: ('Connection aborted.', RemoteDisconnected('Remote end closed connection without response')) (attempt 1)
2026-05-05 21:07:57,492 [WARNING] Request error for https://www.myneta.info/TamilNadu2026/index.php?action=show_candidates&constituency_id=227: ('Connection aborted.', RemoteDisconnected('Remote end closed connection without response')) (attempt 1)
2026-05-05 21:08:23,834 [INFO] Collected 1558 candidates across 234 constituencies
2026-05-05 21:08:47,361 [WARNING] Request error for https://www.myneta.info/TamilNadu2026/candidate.php?candidate_id=2961: ('Connection aborted.', RemoteDisconnected('Remote end closed connection without response')) (attempt 1)
2026-05-05 21:09:25,274 [WARNING] Request error for https://www.myneta.info/TamilNadu2026/candidate.php?candidate_id=2974: ('Connection aborted.', RemoteDisconnected('Remote end closed connection without response')) (attempt 1)
2026-05-05 21:09:56,108 [WARNING] Request error for https://www.myneta.info/TamilNadu2026/candidate.php?candidate_id=1140: ('Connection aborted.', RemoteDisconnected('Remote end closed connection without response')) (attempt 1)
2026-05-05 21:10:22,214 [WARNING] Request error for https://www.myneta.info/TamilNadu2026/candidate.php?candidate_id=2898: ('Connection aborted.', RemoteDisconnected('Remote end closed connection without response')) (attempt 1)
2026-05-05 21:10:50,784 [WARNING] Request error for https://www.myneta.info/TamilNadu2026/candidate.php?candidate_id=848: ('Connection aborted.', RemoteDisconnected('Remote end closed connection without response')) (attempt 1)
2026-05-05 21:11:00,855 [WARNING] Request error for https://www.myneta.info/TamilNadu2026/candidate.php?candidate_id=2901: ('Connection aborted.', RemoteDisconnected('Remote end closed connection without response')) (attempt 1)
2026-05-05 21:11:15,293 [WARNING] Request error for https://www.myneta.info/TamilNadu2026/candidate.php?candidate_id=756: ('Connection aborted.', RemoteDisconnected('Remote end closed connection without response')) (attempt 1)
2026-05-05 21:11:29,994 [WARNING] Request error for https://www.myneta.info/TamilNadu2026/candidate.php?candidate_id=3330: ('Connection aborted.', RemoteDisconnected('Remote end closed connection without response')) (attempt 1)
2026-05-05 21:12:26,889 [WARNING] Request error for https://www.myneta.info/TamilNadu2026/candidate.php?candidate_id=1676: ('Connection aborted.', RemoteDisconnected('Remote end closed connection without response')) (attempt 1)
2026-05-05 21:12:37,564 [WARNING] Request error for https://www.myneta.info/TamilNadu2026/candidate.php?candidate_id=1666: ('Connection aborted.', RemoteDisconnected('Remote end closed connection without response')) (attempt 1)
2026-05-05 21:13:00,077 [WARNING] Request error for https://www.myneta.info/TamilNadu2026/candidate.php?candidate_id=854: ('Connection aborted.', RemoteDisconnected('Remote end closed connection without response')) (attempt 1)
2026-05-05 21:13:19,223 [WARNING] Request error for https://www.myneta.info/TamilNadu2026/candidate.php?candidate_id=3897: ('Connection aborted.', RemoteDisconnected('Remote end closed connection without response')) (attempt 1)
2026-05-05 21:13:47,860 [WARNING] Request error for https://www.myneta.info/TamilNadu2026/candidate.php?candidate_id=2887: ('Connection aborted.', RemoteDisconnected('Remote end closed connection without response')) (attempt 1)
2026-05-05 21:14:03,246 [WARNING] Request error for https://www.myneta.info/TamilNadu2026/candidate.php?candidate_id=2888: ('Connection aborted.', RemoteDisconnected('Remote end closed connection without response')) (attempt 1)
2026-05-05 21:14:12,116 [WARNING] Request error for https://www.myneta.info/TamilNadu2026/candidate.php?candidate_id=3378: ('Connection aborted.', RemoteDisconnected('Remote end closed connection without response')) (attempt 1)
2026-05-05 21:14:25,307 [WARNING] Request error for https://www.myneta.info/TamilNadu2026/candidate.php?candidate_id=413: ('Connection aborted.', RemoteDisconnected('Remote end closed connection without response')) (attempt 1)
2026-05-05 21:15:08,858 [WARNING] Request error for https://www.myneta.info/TamilNadu2026/candidate.php?candidate_id=3381: ('Connection aborted.', RemoteDisconnected('Remote end closed connection without response')) (attempt 1)
2026-05-05 21:15:29,033 [WARNING] Request error for https://www.myneta.info/TamilNadu2026/candidate.php?candidate_id=1143: ('Connection aborted.', RemoteDisconnected('Remote end closed connection without response')) (attempt 1)
2026-05-05 21:15:47,298 [WARNING] Request error for https://www.myneta.info/TamilNadu2026/candidate.php?candidate_id=3005: ('Connection aborted.', RemoteDisconnected('Remote end closed connection without response')) (attempt 1)
2026-05-05 21:16:25,436 [WARNING] Request error for https://www.myneta.info/TamilNadu2026/candidate.php?candidate_id=3010: ('Connection aborted.', RemoteDisconnected('Remote end closed connection without response')) (attempt 1)
2026-05-05 21:16:37,130 [WARNING] Request error for https://www.myneta.info/TamilNadu2026/candidate.php?candidate_id=3017: ('Connection aborted.', RemoteDisconnected('Remote end closed connection without response')) (attempt 1)
2026-05-05 21:16:46,336 [WARNING] Request error for https://www.myneta.info/TamilNadu2026/candidate.php?candidate_id=2013: ('Connection aborted.', RemoteDisconnected('Remote end closed connection without response')) (attempt 1)
2026-05-05 21:17:09,655 [WARNING] Request error for https://www.myneta.info/TamilNadu2026/candidate.php?candidate_id=2041: ('Connection aborted.', RemoteDisconnected('Remote end closed connection without response')) (attempt 1)
2026-05-05 21:17:47,418 [WARNING] Request error for https://www.myneta.info/TamilNadu2026/candidate.php?candidate_id=36: ('Connection aborted.', RemoteDisconnected('Remote end closed connection without response')) (attempt 1)
2026-05-05 21:18:07,833 [WARNING] Request error for https://www.myneta.info/TamilNadu2026/candidate.php?candidate_id=2026: ('Connection aborted.', RemoteDisconnected('Remote end closed connection without response')) (attempt 1)
2026-05-05 21:18:18,759 [WARNING] Request error for https://www.myneta.info/TamilNadu2026/candidate.php?candidate_id=37: ('Connection aborted.', RemoteDisconnected('Remote end closed connection without response')) (attempt 1)
2026-05-05 21:18:27,971 [WARNING] Request error for https://www.myneta.info/TamilNadu2026/candidate.php?candidate_id=2626: ('Connection aborted.', RemoteDisconnected('Remote end closed connection without response')) (attempt 1)
2026-05-05 21:18:51,733 [WARNING] Request error for https://www.myneta.info/TamilNadu2026/candidate.php?candidate_id=2629: ('Connection aborted.', RemoteDisconnected('Remote end closed connection without response')) (attempt 1)
2026-05-05 21:19:07,726 [WARNING] Request error for https://www.myneta.info/TamilNadu2026/candidate.php?candidate_id=3490: ('Connection aborted.', RemoteDisconnected('Remote end closed connection without response')) (attempt 1)
2026-05-05 21:19:16,272 [WARNING] Request error for https://www.myneta.info/TamilNadu2026/candidate.php?candidate_id=3485: ('Connection aborted.', RemoteDisconnected('Remote end closed connection without response')) (attempt 1)
2026-05-05 21:19:27,156 [WARNING] Request error for https://www.myneta.info/TamilNadu2026/candidate.php?candidate_id=3489: ('Connection aborted.', RemoteDisconnected('Remote end closed connection without response')) (attempt 1)
2026-05-05 21:19:56,978 [WARNING] Request error for https://www.myneta.info/TamilNadu2026/candidate.php?candidate_id=3496: ('Connection aborted.', RemoteDisconnected('Remote end closed connection without response')) (attempt 1)
2026-05-05 21:20:08,025 [WARNING] Request error for https://www.myneta.info/TamilNadu2026/candidate.php?candidate_id=3495: ('Connection aborted.', RemoteDisconnected('Remote end closed connection without response')) (attempt 1)
2026-05-05 21:20:16,910 [WARNING] Request error for https://www.myneta.info/TamilNadu2026/candidate.php?candidate_id=2606: ('Connection aborted.', RemoteDisconnected('Remote end closed connection without response')) (attempt 1)
2026-05-05 21:20:30,833 [WARNING] Request error for https://www.myneta.info/TamilNadu2026/candidate.php?candidate_id=2594: ('Connection aborted.', RemoteDisconnected('Remote end closed connection without response')) (attempt 1)
2026-05-05 21:20:43,480 [WARNING] Request error for https://www.myneta.info/TamilNadu2026/candidate.php?candidate_id=2599: ('Connection aborted.', RemoteDisconnected('Remote end closed connection without response')) (attempt 1)
2026-05-05 21:21:06,485 [WARNING] Request error for https://www.myneta.info/TamilNadu2026/candidate.php?candidate_id=2612: ('Connection aborted.', RemoteDisconnected('Remote end closed connection without response')) (attempt 1)
2026-05-05 21:21:20,505 [WARNING] Request error for https://www.myneta.info/TamilNadu2026/candidate.php?candidate_id=2609: ('Connection aborted.', RemoteDisconnected('Remote end closed connection without response')) (attempt 1)
2026-05-05 21:21:42,628 [WARNING] Request error for https://www.myneta.info/TamilNadu2026/candidate.php?candidate_id=2597: ('Connection aborted.', RemoteDisconnected('Remote end closed connection without response')) (attempt 1)
2026-05-05 21:21:55,602 [WARNING] Request error for https://www.myneta.info/TamilNadu2026/candidate.php?candidate_id=2044: ('Connection aborted.', RemoteDisconnected('Remote end closed connection without response')) (attempt 1)
2026-05-05 21:22:33,715 [WARNING] Request error for https://www.myneta.info/TamilNadu2026/candidate.php?candidate_id=1978: ('Connection aborted.', RemoteDisconnected('Remote end closed connection without response')) (attempt 1)
2026-05-05 21:23:17,185 [WARNING] Request error for https://www.myneta.info/TamilNadu2026/candidate.php?candidate_id=1988: ('Connection aborted.', RemoteDisconnected('Remote end closed connection without response')) (attempt 1)
2026-05-05 21:23:32,140 [WARNING] Request error for https://www.myneta.info/TamilNadu2026/candidate.php?candidate_id=1993: ('Connection aborted.', RemoteDisconnected('Remote end closed connection without response')) (attempt 1)
2026-05-05 21:23:42,932 [WARNING] Request error for https://www.myneta.info/TamilNadu2026/candidate.php?candidate_id=732: ('Connection aborted.', RemoteDisconnected('Remote end closed connection without response')) (attempt 1)
2026-05-05 21:24:03,932 [WARNING] Request error for https://www.myneta.info/TamilNadu2026/candidate.php?candidate_id=2004: ('Connection aborted.', RemoteDisconnected('Remote end closed connection without response')) (attempt 1)
2026-05-05 21:24:13,205 [WARNING] Request error for https://www.myneta.info/TamilNadu2026/candidate.php?candidate_id=1970: ('Connection aborted.', RemoteDisconnected('Remote end closed connection without response')) (attempt 1)
2026-05-05 21:24:33,162 [WARNING] Request error for https://www.myneta.info/TamilNadu2026/candidate.php?candidate_id=1536: ('Connection aborted.', RemoteDisconnected('Remote end closed connection without response')) (attempt 1)
2026-05-05 21:25:00,153 [WARNING] Request error for https://www.myneta.info/TamilNadu2026/candidate.php?candidate_id=1548: ('Connection aborted.', RemoteDisconnected('Remote end closed connection without response')) (attempt 1)
2026-05-05 21:25:35,375 [WARNING] Request error for https://www.myneta.info/TamilNadu2026/candidate.php?candidate_id=2636: ('Connection aborted.', RemoteDisconnected('Remote end closed connection without response')) (attempt 1)
2026-05-05 21:25:44,086 [WARNING] Request error for https://www.myneta.info/TamilNadu2026/candidate.php?candidate_id=2640: ('Connection aborted.', RemoteDisconnected('Remote end closed connection without response')) (attempt 1)
2026-05-05 21:26:00,415 [WARNING] Request error for https://www.myneta.info/TamilNadu2026/candidate.php?candidate_id=2641: ('Connection aborted.', RemoteDisconnected('Remote end closed connection without response')) (attempt 1)
2026-05-05 21:26:22,753 [WARNING] Request error for https://www.myneta.info/TamilNadu2026/candidate.php?candidate_id=2986: ('Connection aborted.', RemoteDisconnected('Remote end closed connection without response')) (attempt 1)
2026-05-05 21:26:51,783 [WARNING] Request error for https://www.myneta.info/TamilNadu2026/candidate.php?candidate_id=2997: ('Connection aborted.', RemoteDisconnected('Remote end closed connection without response')) (attempt 1)
2026-05-05 21:27:05,849 [WARNING] Request error for https://www.myneta.info/TamilNadu2026/candidate.php?candidate_id=177: ('Connection aborted.', RemoteDisconnected('Remote end closed connection without response')) (attempt 1)
2026-05-05 21:27:31,517 [WARNING] Request error for https://www.myneta.info/TamilNadu2026/candidate.php?candidate_id=3924: ('Connection aborted.', RemoteDisconnected('Remote end closed connection without response')) (attempt 1)
2026-05-05 21:28:00,141 [WARNING] Request error for https://www.myneta.info/TamilNadu2026/candidate.php?candidate_id=454: ('Connection aborted.', RemoteDisconnected('Remote end closed connection without response')) (attempt 1)
2026-05-05 21:28:27,197 [WARNING] Request error for https://www.myneta.info/TamilNadu2026/candidate.php?candidate_id=864: ('Connection aborted.', RemoteDisconnected('Remote end closed connection without response')) (attempt 1)
2026-05-05 21:28:49,916 [WARNING] Request error for https://www.myneta.info/TamilNadu2026/candidate.php?candidate_id=4012: ('Connection aborted.', RemoteDisconnected('Remote end closed connection without response')) (attempt 1)
2026-05-05 21:29:06,133 [WARNING] Request error for https://www.myneta.info/TamilNadu2026/candidate.php?candidate_id=4016: ('Connection aborted.', RemoteDisconnected('Remote end closed connection without response')) (attempt 1)
2026-05-05 21:29:15,626 [WARNING] Request error for https://www.myneta.info/TamilNadu2026/candidate.php?candidate_id=4015: ('Connection aborted.', RemoteDisconnected('Remote end closed connection without response')) (attempt 1)
2026-05-05 21:29:26,925 [WARNING] Request error for https://www.myneta.info/TamilNadu2026/candidate.php?candidate_id=867: ('Connection aborted.', RemoteDisconnected('Remote end closed connection without response')) (attempt 1)
2026-05-05 21:29:40,128 [WARNING] Request error for https://www.myneta.info/TamilNadu2026/candidate.php?candidate_id=4023: ('Connection aborted.', RemoteDisconnected('Remote end closed connection without response')) (attempt 1)
2026-05-05 21:29:50,917 [WARNING] Request error for https://www.myneta.info/TamilNadu2026/candidate.php?candidate_id=4011: ('Connection aborted.', RemoteDisconnected('Remote end closed connection without response')) (attempt 1)
2026-05-05 21:30:33,347 [WARNING] Request error for https://www.myneta.info/TamilNadu2026/candidate.php?candidate_id=1457: ('Connection aborted.', RemoteDisconnected('Remote end closed connection without response')) (attempt 1)
2026-05-05 21:30:54,981 [WARNING] Request error for https://www.myneta.info/TamilNadu2026/candidate.php?candidate_id=379: ('Connection aborted.', RemoteDisconnected('Remote end closed connection without response')) (attempt 1)
2026-05-05 21:31:11,888 [WARNING] Request error for https://www.myneta.info/TamilNadu2026/candidate.php?candidate_id=377: ('Connection aborted.', RemoteDisconnected('Remote end closed connection without response')) (attempt 1)
2026-05-05 21:31:22,023 [WARNING] Request error for https://www.myneta.info/TamilNadu2026/candidate.php?candidate_id=1328: ('Connection aborted.', RemoteDisconnected('Remote end closed connection without response')) (attempt 1)
2026-05-05 21:31:44,322 [WARNING] Request error for https://www.myneta.info/TamilNadu2026/candidate.php?candidate_id=1329: ('Connection aborted.', RemoteDisconnected('Remote end closed connection without response')) (attempt 1)
2026-05-05 21:33:06,579 [WARNING] Request error for https://www.myneta.info/TamilNadu2026/candidate.php?candidate_id=2070: ('Connection aborted.', RemoteDisconnected('Remote end closed connection without response')) (attempt 1)
2026-05-05 21:33:21,285 [WARNING] Request error for https://www.myneta.info/TamilNadu2026/candidate.php?candidate_id=1389: ('Connection aborted.', RemoteDisconnected('Remote end closed connection without response')) (attempt 1)
2026-05-05 21:33:39,429 [WARNING] Request error for https://www.myneta.info/TamilNadu2026/candidate.php?candidate_id=338: ('Connection aborted.', RemoteDisconnected('Remote end closed connection without response')) (attempt 1)
2026-05-05 21:33:50,241 [WARNING] Request error for https://www.myneta.info/TamilNadu2026/candidate.php?candidate_id=3553: ('Connection aborted.', RemoteDisconnected('Remote end closed connection without response')) (attempt 1)
2026-05-05 21:34:01,317 [WARNING] Request error for https://www.myneta.info/TamilNadu2026/candidate.php?candidate_id=801: ('Connection aborted.', RemoteDisconnected('Remote end closed connection without response')) (attempt 1)
2026-05-05 21:34:33,330 [WARNING] Request error for https://www.myneta.info/TamilNadu2026/candidate.php?candidate_id=2648: ('Connection aborted.', RemoteDisconnected('Remote end closed connection without response')) (attempt 1)
2026-05-05 21:34:44,075 [WARNING] Request error for https://www.myneta.info/TamilNadu2026/candidate.php?candidate_id=2659: ('Connection aborted.', RemoteDisconnected('Remote end closed connection without response')) (attempt 1)
2026-05-05 21:34:52,194 [WARNING] Request error for https://www.myneta.info/TamilNadu2026/candidate.php?candidate_id=1195: ('Connection aborted.', RemoteDisconnected('Remote end closed connection without response')) (attempt 1)
2026-05-05 21:35:03,539 [WARNING] Request error for https://www.myneta.info/TamilNadu2026/candidate.php?candidate_id=2660: ('Connection aborted.', RemoteDisconnected('Remote end closed connection without response')) (attempt 1)
2026-05-05 21:35:18,881 [WARNING] Request error for https://www.myneta.info/TamilNadu2026/candidate.php?candidate_id=876: ('Connection aborted.', RemoteDisconnected('Remote end closed connection without response')) (attempt 1)
2026-05-05 21:35:32,510 [WARNING] Request error for https://www.myneta.info/TamilNadu2026/candidate.php?candidate_id=2656: ('Connection aborted.', RemoteDisconnected('Remote end closed connection without response')) (attempt 1)
2026-05-05 21:35:43,135 [WARNING] Request error for https://www.myneta.info/TamilNadu2026/candidate.php?candidate_id=2241: ('Connection aborted.', RemoteDisconnected('Remote end closed connection without response')) (attempt 1)
2026-05-05 21:35:54,461 [WARNING] Request error for https://www.myneta.info/TamilNadu2026/candidate.php?candidate_id=2244: ('Connection aborted.', RemoteDisconnected('Remote end closed connection without response')) (attempt 1)
2026-05-05 21:36:05,754 [WARNING] Request error for https://www.myneta.info/TamilNadu2026/candidate.php?candidate_id=738: ('Connection aborted.', RemoteDisconnected('Remote end closed connection without response')) (attempt 1)
2026-05-05 21:36:32,329 [WARNING] Request error for https://www.myneta.info/TamilNadu2026/candidate.php?candidate_id=1244: ('Connection aborted.', RemoteDisconnected('Remote end closed connection without response')) (attempt 1)
2026-05-05 21:37:07,012 [WARNING] Request error for https://www.myneta.info/TamilNadu2026/candidate.php?candidate_id=457: ('Connection aborted.', RemoteDisconnected('Remote end closed connection without response')) (attempt 1)
2026-05-05 21:37:14,277 [WARNING] Request error for https://www.myneta.info/TamilNadu2026/candidate.php?candidate_id=1338: ('Connection aborted.', RemoteDisconnected('Remote end closed connection without response')) (attempt 1)
2026-05-05 21:37:57,253 [WARNING] Request error for https://www.myneta.info/TamilNadu2026/candidate.php?candidate_id=2095: ('Connection aborted.', RemoteDisconnected('Remote end closed connection without response')) (attempt 1)
2026-05-05 21:38:06,819 [WARNING] Request error for https://www.myneta.info/TamilNadu2026/candidate.php?candidate_id=2088: ('Connection aborted.', RemoteDisconnected('Remote end closed connection without response')) (attempt 1)
2026-05-05 21:38:33,941 [WARNING] Request error for https://www.myneta.info/TamilNadu2026/candidate.php?candidate_id=1272: ('Connection aborted.', RemoteDisconnected('Remote end closed connection without response')) (attempt 1)
2026-05-05 21:38:43,341 [WARNING] Request error for https://www.myneta.info/TamilNadu2026/candidate.php?candidate_id=2094: ('Connection aborted.', RemoteDisconnected('Remote end closed connection without response')) (attempt 1)
2026-05-05 21:38:59,179 [WARNING] Request error for https://www.myneta.info/TamilNadu2026/candidate.php?candidate_id=1306: ('Connection aborted.', RemoteDisconnected('Remote end closed connection without response')) (attempt 1)
2026-05-05 21:39:15,429 [WARNING] Request error for https://www.myneta.info/TamilNadu2026/candidate.php?candidate_id=3430: ('Connection aborted.', RemoteDisconnected('Remote end closed connection without response')) (attempt 1)
2026-05-05 21:39:36,784 [WARNING] Request error for https://www.myneta.info/TamilNadu2026/candidate.php?candidate_id=2256: ('Connection aborted.', RemoteDisconnected('Remote end closed connection without response')) (attempt 1)
2026-05-05 21:39:47,266 [WARNING] Request error for https://www.myneta.info/TamilNadu2026/candidate.php?candidate_id=2255: ('Connection aborted.', RemoteDisconnected('Remote end closed connection without response')) (attempt 1)
2026-05-05 21:40:08,741 [WARNING] Request error for https://www.myneta.info/TamilNadu2026/candidate.php?candidate_id=3438: ('Connection aborted.', RemoteDisconnected('Remote end closed connection without response')) (attempt 1)
2026-05-05 21:40:42,585 [WARNING] Request error for https://www.myneta.info/TamilNadu2026/candidate.php?candidate_id=1170: ('Connection aborted.', RemoteDisconnected('Remote end closed connection without response')) (attempt 1)
2026-05-05 21:40:57,574 [WARNING] Request error for https://www.myneta.info/TamilNadu2026/candidate.php?candidate_id=2662: ('Connection aborted.', RemoteDisconnected('Remote end closed connection without response')) (attempt 1)
2026-05-05 21:41:22,809 [WARNING] Request error for https://www.myneta.info/TamilNadu2026/candidate.php?candidate_id=323: ('Connection aborted.', RemoteDisconnected('Remote end closed connection without response')) (attempt 1)
2026-05-05 21:41:32,491 [WARNING] Request error for https://www.myneta.info/TamilNadu2026/candidate.php?candidate_id=895: ('Connection aborted.', RemoteDisconnected('Remote end closed connection without response')) (attempt 1)
2026-05-05 21:41:39,879 [WARNING] Request error for https://www.myneta.info/TamilNadu2026/candidate.php?candidate_id=3062: ('Connection aborted.', RemoteDisconnected('Remote end closed connection without response')) (attempt 1)
2026-05-05 21:41:52,672 [WARNING] Request error for https://www.myneta.info/TamilNadu2026/candidate.php?candidate_id=899: ('Connection aborted.', RemoteDisconnected('Remote end closed connection without response')) (attempt 1)
2026-05-05 21:42:24,460 [WARNING] Request error for https://www.myneta.info/TamilNadu2026/candidate.php?candidate_id=3053: ('Connection aborted.', RemoteDisconnected('Remote end closed connection without response')) (attempt 1)
2026-05-05 21:42:59,281 [WARNING] Request error for https://www.myneta.info/TamilNadu2026/candidate.php?candidate_id=1912: ('Connection aborted.', RemoteDisconnected('Remote end closed connection without response')) (attempt 1)
2026-05-05 21:43:11,853 [WARNING] Request error for https://www.myneta.info/TamilNadu2026/candidate.php?candidate_id=1908: ('Connection aborted.', RemoteDisconnected('Remote end closed connection without response')) (attempt 1)
2026-05-05 21:43:36,247 [WARNING] Request error for https://www.myneta.info/TamilNadu2026/candidate.php?candidate_id=1105: ('Connection aborted.', RemoteDisconnected('Remote end closed connection without response')) (attempt 1)
2026-05-05 21:43:48,799 [WARNING] Request error for https://www.myneta.info/TamilNadu2026/candidate.php?candidate_id=3443: ('Connection aborted.', RemoteDisconnected('Remote end closed connection without response')) (attempt 1)
2026-05-05 21:44:24,552 [WARNING] Request error for https://www.myneta.info/TamilNadu2026/candidate.php?candidate_id=3500: ('Connection aborted.', RemoteDisconnected('Remote end closed connection without response')) (attempt 1)
2026-05-05 21:44:44,744 [WARNING] Request error for https://www.myneta.info/TamilNadu2026/candidate.php?candidate_id=3504: ('Connection aborted.', RemoteDisconnected('Remote end closed connection without response')) (attempt 1)
2026-05-05 21:45:23,068 [WARNING] Request error for https://www.myneta.info/TamilNadu2026/candidate.php?candidate_id=1916: ('Connection aborted.', RemoteDisconnected('Remote end closed connection without response')) (attempt 1)
2026-05-05 21:45:38,094 [WARNING] Request error for https://www.myneta.info/TamilNadu2026/candidate.php?candidate_id=1923: ('Connection aborted.', RemoteDisconnected('Remote end closed connection without response')) (attempt 1)
2026-05-05 21:45:51,126 [WARNING] Request error for https://www.myneta.info/TamilNadu2026/candidate.php?candidate_id=261: ('Connection aborted.', RemoteDisconnected('Remote end closed connection without response')) (attempt 1)
2026-05-05 21:46:18,457 [WARNING] Request error for https://www.myneta.info/TamilNadu2026/candidate.php?candidate_id=559: ('Connection aborted.', RemoteDisconnected('Remote end closed connection without response')) (attempt 1)
2026-05-05 21:46:28,449 [WARNING] Request error for https://www.myneta.info/TamilNadu2026/candidate.php?candidate_id=1215: ('Connection aborted.', RemoteDisconnected('Remote end closed connection without response')) (attempt 1)
2026-05-05 21:47:06,687 [WARNING] Request error for https://www.myneta.info/TamilNadu2026/candidate.php?candidate_id=3079: ('Connection aborted.', RemoteDisconnected('Remote end closed connection without response')) (attempt 1)
2026-05-05 21:47:44,157 [WARNING] Request error for https://www.myneta.info/TamilNadu2026/candidate.php?candidate_id=693: ('Connection aborted.', RemoteDisconnected('Remote end closed connection without response')) (attempt 1)
2026-05-05 21:47:56,605 [WARNING] Request error for https://www.myneta.info/TamilNadu2026/candidate.php?candidate_id=3097: ('Connection aborted.', RemoteDisconnected('Remote end closed connection without response')) (attempt 1)
2026-05-05 21:48:12,924 [WARNING] Request error for https://www.myneta.info/TamilNadu2026/candidate.php?candidate_id=3734: ('Connection aborted.', RemoteDisconnected('Remote end closed connection without response')) (attempt 1)
2026-05-05 21:48:43,335 [WARNING] Request error for https://www.myneta.info/TamilNadu2026/candidate.php?candidate_id=3739: ('Connection aborted.', RemoteDisconnected('Remote end closed connection without response')) (attempt 1)
2026-05-05 21:49:04,552 [WARNING] Request error for https://www.myneta.info/TamilNadu2026/candidate.php?candidate_id=108: ('Connection aborted.', RemoteDisconnected('Remote end closed connection without response')) (attempt 1)
2026-05-05 21:49:21,775 [WARNING] Request error for https://www.myneta.info/TamilNadu2026/candidate.php?candidate_id=2263: ('Connection aborted.', RemoteDisconnected('Remote end closed connection without response')) (attempt 1)
2026-05-05 21:50:02,683 [WARNING] Request error for https://www.myneta.info/TamilNadu2026/candidate.php?candidate_id=909: ('Connection aborted.', RemoteDisconnected('Remote end closed connection without response')) (attempt 1)
2026-05-05 21:50:15,666 [WARNING] Request error for https://www.myneta.info/TamilNadu2026/candidate.php?candidate_id=3074: ('Connection aborted.', RemoteDisconnected('Remote end closed connection without response')) (attempt 1)
2026-05-05 21:50:37,807 [WARNING] Request error for https://www.myneta.info/TamilNadu2026/candidate.php?candidate_id=912: ('Connection aborted.', RemoteDisconnected('Remote end closed connection without response')) (attempt 1)
2026-05-05 21:50:58,729 [WARNING] Request error for https://www.myneta.info/TamilNadu2026/candidate.php?candidate_id=914: ('Connection aborted.', RemoteDisconnected('Remote end closed connection without response')) (attempt 1)
2026-05-05 21:51:08,659 [WARNING] Request error for https://www.myneta.info/TamilNadu2026/candidate.php?candidate_id=2279: ('Connection aborted.', RemoteDisconnected('Remote end closed connection without response')) (attempt 1)
2026-05-05 21:51:21,572 [WARNING] Request error for https://www.myneta.info/TamilNadu2026/candidate.php?candidate_id=258: ('Connection aborted.', RemoteDisconnected('Remote end closed connection without response')) (attempt 1)
2026-05-05 21:51:29,875 [WARNING] Request error for https://www.myneta.info/TamilNadu2026/candidate.php?candidate_id=2272: ('Connection aborted.', RemoteDisconnected('Remote end closed connection without response')) (attempt 1)
2026-05-05 21:52:06,687 [WARNING] Request error for https://www.myneta.info/TamilNadu2026/candidate.php?candidate_id=1145: ('Connection aborted.', RemoteDisconnected('Remote end closed connection without response')) (attempt 1)
2026-05-05 21:52:35,582 [WARNING] Request error for https://www.myneta.info/TamilNadu2026/candidate.php?candidate_id=3109: ('Connection aborted.', RemoteDisconnected('Remote end closed connection without response')) (attempt 1)
2026-05-05 21:52:44,101 [WARNING] Request error for https://www.myneta.info/TamilNadu2026/candidate.php?candidate_id=3108: ('Connection aborted.', RemoteDisconnected('Remote end closed connection without response')) (attempt 1)
2026-05-05 21:53:09,198 [WARNING] Request error for https://www.myneta.info/TamilNadu2026/candidate.php?candidate_id=2680: ('Connection aborted.', RemoteDisconnected('Remote end closed connection without response')) (attempt 1)
2026-05-05 21:53:23,398 [WARNING] Request error for https://www.myneta.info/TamilNadu2026/candidate.php?candidate_id=3467: ('Connection aborted.', RemoteDisconnected('Remote end closed connection without response')) (attempt 1)
2026-05-05 21:53:34,802 [WARNING] Request error for https://www.myneta.info/TamilNadu2026/candidate.php?candidate_id=698: ('Connection aborted.', RemoteDisconnected('Remote end closed connection without response')) (attempt 1)
2026-05-05 21:54:03,697 [WARNING] Request error for https://www.myneta.info/TamilNadu2026/candidate.php?candidate_id=3465: ('Connection aborted.', RemoteDisconnected('Remote end closed connection without response')) (attempt 1)
2026-05-05 21:54:15,795 [WARNING] Request error for https://www.myneta.info/TamilNadu2026/candidate.php?candidate_id=3102: ('Connection aborted.', RemoteDisconnected('Remote end closed connection without response')) (attempt 1)
2026-05-05 21:54:29,758 [WARNING] Request error for https://www.myneta.info/TamilNadu2026/candidate.php?candidate_id=238: ('Connection aborted.', RemoteDisconnected('Remote end closed connection without response')) (attempt 1)
2026-05-05 21:55:10,172 [WARNING] Request error for https://www.myneta.info/TamilNadu2026/candidate.php?candidate_id=3476: ('Connection aborted.', RemoteDisconnected('Remote end closed connection without response')) (attempt 1)
2026-05-05 21:55:29,767 [WARNING] Request error for https://www.myneta.info/TamilNadu2026/candidate.php?candidate_id=1926: ('Connection aborted.', RemoteDisconnected('Remote end closed connection without response')) (attempt 1)
2026-05-05 21:55:37,967 [WARNING] Request error for https://www.myneta.info/TamilNadu2026/candidate.php?candidate_id=97: ('Connection aborted.', RemoteDisconnected('Remote end closed connection without response')) (attempt 1)
2026-05-05 21:55:49,666 [WARNING] Request error for https://www.myneta.info/TamilNadu2026/candidate.php?candidate_id=1934: ('Connection aborted.', RemoteDisconnected('Remote end closed connection without response')) (attempt 1)
2026-05-05 21:56:00,840 [WARNING] Request error for https://www.myneta.info/TamilNadu2026/candidate.php?candidate_id=724: ('Connection aborted.', RemoteDisconnected('Remote end closed connection without response')) (attempt 1)
2026-05-05 21:56:12,502 [WARNING] Request error for https://www.myneta.info/TamilNadu2026/candidate.php?candidate_id=2674: ('Connection aborted.', RemoteDisconnected('Remote end closed connection without response')) (attempt 1)
2026-05-05 21:56:25,109 [WARNING] Request error for https://www.myneta.info/TamilNadu2026/candidate.php?candidate_id=2672: ('Connection aborted.', RemoteDisconnected('Remote end closed connection without response')) (attempt 1)
2026-05-05 21:56:42,577 [WARNING] Request error for https://www.myneta.info/TamilNadu2026/candidate.php?candidate_id=921: ('Connection aborted.', RemoteDisconnected('Remote end closed connection without response')) (attempt 1)
2026-05-05 21:56:49,949 [WARNING] Request error for https://www.myneta.info/TamilNadu2026/candidate.php?candidate_id=922: ('Connection aborted.', RemoteDisconnected('Remote end closed connection without response')) (attempt 1)
2026-05-05 21:56:59,860 [WARNING] Request error for https://www.myneta.info/TamilNadu2026/candidate.php?candidate_id=54: ('Connection aborted.', RemoteDisconnected('Remote end closed connection without response')) (attempt 1)
2026-05-05 21:57:12,749 [WARNING] Request error for https://www.myneta.info/TamilNadu2026/candidate.php?candidate_id=2588: ('Connection aborted.', RemoteDisconnected('Remote end closed connection without response')) (attempt 1)
2026-05-05 21:57:34,605 [WARNING] Request error for https://www.myneta.info/TamilNadu2026/candidate.php?candidate_id=1228: ('Connection aborted.', RemoteDisconnected('Remote end closed connection without response')) (attempt 1)
2026-05-05 21:58:51,607 [WARNING] Request error for https://www.myneta.info/TamilNadu2026/candidate.php?candidate_id=3836: ('Connection aborted.', RemoteDisconnected('Remote end closed connection without response')) (attempt 1)
2026-05-05 21:59:17,444 [WARNING] Request error for https://www.myneta.info/TamilNadu2026/candidate.php?candidate_id=2912: ('Connection aborted.', RemoteDisconnected('Remote end closed connection without response')) (attempt 1)
2026-05-05 21:59:51,303 [WARNING] Request error for https://www.myneta.info/TamilNadu2026/candidate.php?candidate_id=1497: ('Connection aborted.', RemoteDisconnected('Remote end closed connection without response')) (attempt 1)
2026-05-05 22:00:05,290 [WARNING] Request error for https://www.myneta.info/TamilNadu2026/candidate.php?candidate_id=1506: ('Connection aborted.', RemoteDisconnected('Remote end closed connection without response')) (attempt 1)
2026-05-05 22:00:16,819 [WARNING] Request error for https://www.myneta.info/TamilNadu2026/candidate.php?candidate_id=1499: ('Connection aborted.', RemoteDisconnected('Remote end closed connection without response')) (attempt 1)
2026-05-05 22:00:37,090 [WARNING] Request error for https://www.myneta.info/TamilNadu2026/candidate.php?candidate_id=401: ('Connection aborted.', RemoteDisconnected('Remote end closed connection without response')) (attempt 1)
2026-05-05 22:01:13,572 [WARNING] Request error for https://www.myneta.info/TamilNadu2026/candidate.php?candidate_id=3117: ('Connection aborted.', RemoteDisconnected('Remote end closed connection without response')) (attempt 1)
2026-05-05 22:01:26,771 [WARNING] Request error for https://www.myneta.info/TamilNadu2026/candidate.php?candidate_id=3119: ('Connection aborted.', RemoteDisconnected('Remote end closed connection without response')) (attempt 1)
2026-05-05 22:01:43,308 [WARNING] Request error for https://www.myneta.info/TamilNadu2026/candidate.php?candidate_id=2284: ('Connection aborted.', RemoteDisconnected('Remote end closed connection without response')) (attempt 1)
2026-05-05 22:02:26,587 [WARNING] Request error for https://www.myneta.info/TamilNadu2026/candidate.php?candidate_id=3134: ('Connection aborted.', RemoteDisconnected('Remote end closed connection without response')) (attempt 1)
2026-05-05 22:02:52,447 [WARNING] Request error for https://www.myneta.info/TamilNadu2026/candidate.php?candidate_id=3130: ('Connection aborted.', RemoteDisconnected('Remote end closed connection without response')) (attempt 1)
2026-05-05 22:03:09,858 [WARNING] Request error for https://www.myneta.info/TamilNadu2026/candidate.php?candidate_id=3128: ('Connection aborted.', RemoteDisconnected('Remote end closed connection without response')) (attempt 1)
2026-05-05 22:03:26,426 [WARNING] Request error for https://www.myneta.info/TamilNadu2026/candidate.php?candidate_id=3561: ('Connection aborted.', RemoteDisconnected('Remote end closed connection without response')) (attempt 1)
2026-05-05 22:03:37,807 [WARNING] Request error for https://www.myneta.info/TamilNadu2026/candidate.php?candidate_id=1172: ('Connection aborted.', RemoteDisconnected('Remote end closed connection without response')) (attempt 1)
2026-05-05 22:03:58,866 [WARNING] Request error for https://www.myneta.info/TamilNadu2026/candidate.php?candidate_id=1805: ('Connection aborted.', RemoteDisconnected('Remote end closed connection without response')) (attempt 1)
2026-05-05 22:04:09,835 [WARNING] Request error for https://www.myneta.info/TamilNadu2026/candidate.php?candidate_id=1815: ('Connection aborted.', RemoteDisconnected('Remote end closed connection without response')) (attempt 1)
2026-05-05 22:04:18,859 [WARNING] Request error for https://www.myneta.info/TamilNadu2026/candidate.php?candidate_id=1806: ('Connection aborted.', RemoteDisconnected('Remote end closed connection without response')) (attempt 1)
2026-05-05 22:04:28,401 [WARNING] Request error for https://www.myneta.info/TamilNadu2026/candidate.php?candidate_id=1816: ('Connection aborted.', RemoteDisconnected('Remote end closed connection without response')) (attempt 1)
2026-05-05 22:04:59,464 [WARNING] Request error for https://www.myneta.info/TamilNadu2026/candidate.php?candidate_id=420: ('Connection aborted.', RemoteDisconnected('Remote end closed connection without response')) (attempt 1)
2026-05-05 22:05:35,324 [WARNING] Request error for https://www.myneta.info/TamilNadu2026/candidate.php?candidate_id=937: ('Connection aborted.', RemoteDisconnected('Remote end closed connection without response')) (attempt 1)
2026-05-05 22:05:47,734 [WARNING] Request error for https://www.myneta.info/TamilNadu2026/candidate.php?candidate_id=1880: ('Connection aborted.', RemoteDisconnected('Remote end closed connection without response')) (attempt 1)
2026-05-05 22:06:03,820 [WARNING] Request error for https://www.myneta.info/TamilNadu2026/candidate.php?candidate_id=1882: ('Connection aborted.', RemoteDisconnected('Remote end closed connection without response')) (attempt 1)
2026-05-05 22:06:22,414 [WARNING] Request error for https://www.myneta.info/TamilNadu2026/candidate.php?candidate_id=1889: ('Connection aborted.', RemoteDisconnected('Remote end closed connection without response')) (attempt 1)
2026-05-05 22:06:38,362 [WARNING] Request error for https://www.myneta.info/TamilNadu2026/candidate.php?candidate_id=1897: ('Connection aborted.', RemoteDisconnected('Remote end closed connection without response')) (attempt 1)
2026-05-05 22:06:47,150 [WARNING] Request error for https://www.myneta.info/TamilNadu2026/candidate.php?candidate_id=1879: ('Connection aborted.', RemoteDisconnected('Remote end closed connection without response')) (attempt 1)
2026-05-05 22:07:05,266 [WARNING] Request error for https://www.myneta.info/TamilNadu2026/candidate.php?candidate_id=1888: ('Connection aborted.', RemoteDisconnected('Remote end closed connection without response')) (attempt 1)
2026-05-05 22:07:14,157 [WARNING] Request error for https://www.myneta.info/TamilNadu2026/candidate.php?candidate_id=4062: ('Connection aborted.', RemoteDisconnected('Remote end closed connection without response')) (attempt 1)
2026-05-05 22:07:27,183 [WARNING] Request error for https://www.myneta.info/TamilNadu2026/candidate.php?candidate_id=4105: ('Connection aborted.', RemoteDisconnected('Remote end closed connection without response')) (attempt 1)
2026-05-05 22:07:39,712 [WARNING] Request error for https://www.myneta.info/TamilNadu2026/candidate.php?candidate_id=4097: ('Connection aborted.', RemoteDisconnected('Remote end closed connection without response')) (attempt 1)
2026-05-05 22:07:48,401 [WARNING] Request error for https://www.myneta.info/TamilNadu2026/candidate.php?candidate_id=4098: ('Connection aborted.', RemoteDisconnected('Remote end closed connection without response')) (attempt 1)
2026-05-05 22:07:59,891 [WARNING] Request error for https://www.myneta.info/TamilNadu2026/candidate.php?candidate_id=4058: ('Connection aborted.', RemoteDisconnected('Remote end closed connection without response')) (attempt 1)
2026-05-05 22:08:51,277 [WARNING] Request error for https://www.myneta.info/TamilNadu2026/candidate.php?candidate_id=4100: ('Connection aborted.', RemoteDisconnected('Remote end closed connection without response')) (attempt 1)
2026-05-05 22:09:28,977 [WARNING] Request error for https://www.myneta.info/TamilNadu2026/candidate.php?candidate_id=4088: ('Connection aborted.', RemoteDisconnected('Remote end closed connection without response')) (attempt 1)
2026-05-05 22:09:40,636 [WARNING] Request error for https://www.myneta.info/TamilNadu2026/candidate.php?candidate_id=4089: ('Connection aborted.', RemoteDisconnected('Remote end closed connection without response')) (attempt 1)
2026-05-05 22:09:59,491 [WARNING] Request error for https://www.myneta.info/TamilNadu2026/candidate.php?candidate_id=4095: ('Connection aborted.', RemoteDisconnected('Remote end closed connection without response')) (attempt 1)
2026-05-05 22:10:24,695 [WARNING] Request error for https://www.myneta.info/TamilNadu2026/candidate.php?candidate_id=2698: ('Connection aborted.', RemoteDisconnected('Remote end closed connection without response')) (attempt 1)
2026-05-05 22:10:52,748 [WARNING] Request error for https://www.myneta.info/TamilNadu2026/candidate.php?candidate_id=2706: ('Connection aborted.', RemoteDisconnected('Remote end closed connection without response')) (attempt 1)
2026-05-05 22:11:08,687 [WARNING] Request error for https://www.myneta.info/TamilNadu2026/candidate.php?candidate_id=73: ('Connection aborted.', RemoteDisconnected('Remote end closed connection without response')) (attempt 1)
2026-05-05 22:11:48,706 [WARNING] Request error for https://www.myneta.info/TamilNadu2026/candidate.php?candidate_id=3603: ('Connection aborted.', RemoteDisconnected('Remote end closed connection without response')) (attempt 1)
2026-05-05 22:12:07,945 [WARNING] Request error for https://www.myneta.info/TamilNadu2026/candidate.php?candidate_id=3601: ('Connection aborted.', RemoteDisconnected('Remote end closed connection without response')) (attempt 1)
2026-05-05 22:12:23,019 [WARNING] Request error for https://www.myneta.info/TamilNadu2026/candidate.php?candidate_id=1181: ('Connection aborted.', RemoteDisconnected('Remote end closed connection without response')) (attempt 1)
2026-05-05 22:12:50,861 [WARNING] Request error for https://www.myneta.info/TamilNadu2026/candidate.php?candidate_id=19: ('Connection aborted.', RemoteDisconnected('Remote end closed connection without response')) (attempt 1)
2026-05-05 22:13:00,979 [WARNING] Request error for https://www.myneta.info/TamilNadu2026/candidate.php?candidate_id=671: ('Connection aborted.', RemoteDisconnected('Remote end closed connection without response')) (attempt 1)
2026-05-05 22:13:09,428 [WARNING] Request error for https://www.myneta.info/TamilNadu2026/candidate.php?candidate_id=3427: ('Connection aborted.', RemoteDisconnected('Remote end closed connection without response')) (attempt 1)
2026-05-05 22:13:34,178 [WARNING] Request error for https://www.myneta.info/TamilNadu2026/candidate.php?candidate_id=941: ('Connection aborted.', RemoteDisconnected('Remote end closed connection without response')) (attempt 1)
2026-05-05 22:13:42,874 [WARNING] Request error for https://www.myneta.info/TamilNadu2026/candidate.php?candidate_id=3505: ('Connection aborted.', RemoteDisconnected('Remote end closed connection without response')) (attempt 1)
2026-05-05 22:14:23,905 [WARNING] Request error for https://www.myneta.info/TamilNadu2026/candidate.php?candidate_id=3149: ('Connection aborted.', RemoteDisconnected('Remote end closed connection without response')) (attempt 1)
2026-05-05 22:14:41,897 [WARNING] Request error for https://www.myneta.info/TamilNadu2026/candidate.php?candidate_id=1943: ('Connection aborted.', RemoteDisconnected('Remote end closed connection without response')) (attempt 1)
2026-05-05 22:15:10,653 [WARNING] Request error for https://www.myneta.info/TamilNadu2026/candidate.php?candidate_id=1941: ('Connection aborted.', RemoteDisconnected('Remote end closed connection without response')) (attempt 1)
2026-05-05 22:15:20,283 [WARNING] Request error for https://www.myneta.info/TamilNadu2026/candidate.php?candidate_id=1875: ('Connection aborted.', RemoteDisconnected('Remote end closed connection without response')) (attempt 1)
2026-05-05 22:15:39,009 [WARNING] Request error for https://www.myneta.info/TamilNadu2026/candidate.php?candidate_id=1876: ('Connection aborted.', RemoteDisconnected('Remote end closed connection without response')) (attempt 1)
2026-05-05 22:15:56,644 [WARNING] Request error for https://www.myneta.info/TamilNadu2026/candidate.php?candidate_id=827: ('Connection aborted.', RemoteDisconnected('Remote end closed connection without response')) (attempt 1)
2026-05-05 22:16:42,751 [WARNING] Request error for https://www.myneta.info/TamilNadu2026/candidate.php?candidate_id=81: ('Connection aborted.', RemoteDisconnected('Remote end closed connection without response')) (attempt 1)
2026-05-05 22:17:17,789 [WARNING] Request error for https://www.myneta.info/TamilNadu2026/candidate.php?candidate_id=82: ('Connection aborted.', RemoteDisconnected('Remote end closed connection without response')) (attempt 1)
2026-05-05 22:17:37,280 [WARNING] Request error for https://www.myneta.info/TamilNadu2026/candidate.php?candidate_id=2720: ('Connection aborted.', RemoteDisconnected('Remote end closed connection without response')) (attempt 1)
2026-05-05 22:17:44,482 [WARNING] Request error for https://www.myneta.info/TamilNadu2026/candidate.php?candidate_id=1188: ('Connection aborted.', RemoteDisconnected('Remote end closed connection without response')) (attempt 1)
2026-05-05 22:18:25,822 [WARNING] Request error for https://www.myneta.info/TamilNadu2026/candidate.php?candidate_id=760: ('Connection aborted.', RemoteDisconnected('Remote end closed connection without response')) (attempt 1)
2026-05-05 22:18:47,069 [INFO] Parsed 1558 candidates (0 failures)
2026-05-05 22:18:48,838 [INFO] Wrote outputs to /Users/kaushik/Documents/OTHER_PROJECTS/tn-2026-elections/tn2026_output
2026-05-05 22:18:48,838 [INFO]   - candidates_summary.csv  (1558 rows)
2026-05-05 22:18:48,838 [INFO]   - criminal_cases.csv      (703 rows)
2026-05-05 22:18:48,838 [INFO]   - movable_assets.csv      (1265 rows)
2026-05-05 22:18:48,838 [INFO]   - immovable_assets.csv    (805 rows)
2026-05-05 22:18:48,838 [INFO]   - liabilities.csv         (2070 rows)
2026-05-05 22:18:48,838 [INFO]   - itr_income.csv          (9354 rows)
2026-05-05 22:18:48,838 [INFO]   - tn2026_full.xlsx        (all sheets)
